# JRE version: OpenJDK Runtime Environment (21.0.5) (build 21.0.5+-12932927-b750.29)
# Java VM: OpenJDK 64-Bit Server VM (21.0.5+-12932927-b750.29, mixed mode, tiered, compressed oops, compressed class ptrs, g1 gc, windows-amd64)
GC Precious Log:
 CardTable entry size: 512
 Card Set container configuration: InlinePtr #cards 4 size 8 Array Of Cards #cards 16 size 48 Howl #buckets 8 coarsen threshold 3686 Howl Bitmap #cards 512 size 80 coarsen threshold 460 Card regions per heap region 1 cards per card region 4096
 CPUs: 12 total, 12 available
 Memory: 7530M
 Large Page Support: Disabled
 NUMA Support: Disabled
 Compressed Oops: Enabled (Zero based)
 Heap Region Size: 2M
 Heap Min Capacity: 8M
 Heap Initial Capacity: 118M
 Heap Max Capacity: 4G
 Pre-touch: Disabled
 Parallel Workers: 10
 Concurrent Workers: 3
 Concurrent Refinement Workers: 10
 Periodic GC: Disabled
Heap:
 garbage-first heap   total 632832K, used 512000K [0x0000000700000000, 0x0000000800000000)
  region size 2048K, 7 young (14336K), 7 survivors (14336K)
 Metaspace       used 206280K, committed 209280K, reserved 1245184K
  class space    used 26715K, committed 28224K, reserved 1048576K
GC Heap History (20 events):
Event: 36.148 GC heap after
{Heap after GC invocations=66 (full 0):
 garbage-first heap   total 382976K, used 238196K [0x0000000700000000, 0x0000000800000000)
  region size 2048K, 6 young (12288K), 6 survivors (12288K)
 Metaspace       used 192560K, committed 195520K, reserved 1245184K
  class space    used 24606K, committed 26112K, reserved 1048576K
}
Event: 41.229 GC heap before
{Heap before GC invocations=66 (full 0):
 garbage-first heap   total 382976K, used 346740K [0x0000000700000000, 0x0000000800000000)
  region size 2048K, 60 young (122880K), 6 survivors (12288K)
 Metaspace       used 193937K, committed 196800K, reserved 1245184K
  class space    used 24768K, committed 26240K, reserved 1048576K
}
Event: 41.239 GC heap after
{Heap after GC invocations=67 (full 0):
 garbage-first heap   total 382976K, used 246710K [0x0000000700000000, 0x0000000800000000)
  region size 2048K, 5 young (10240K), 5 survivors (10240K)
 Metaspace       used 193937K, committed 196800K, reserved 1245184K
  class space    used 24768K, committed 26240K, reserved 1048576K
}
Event: 42.374 GC heap before
{Heap before GC invocations=68 (full 0):
 garbage-first heap   total 417792K, used 345014K [0x0000000700000000, 0x0000000800000000)
  region size 2048K, 54 young (110592K), 5 survivors (10240K)
 Metaspace       used 196300K, committed 199232K, reserved 1245184K
  class space    used 25114K, committed 26624K, reserved 1048576K
}
Event: 42.387 GC heap after
{Heap after GC invocations=69 (full 0):
 garbage-first heap   total 417792K, used 258297K [0x0000000700000000, 0x0000000800000000)
  region size 2048K, 6 young (12288K), 6 survivors (12288K)
 Metaspace       used 196300K, committed 199232K, reserved 1245184K
  class space    used 25114K, committed 26624K, reserved 1048576K
}
Event: 43.208 GC heap before
{Heap before GC invocations=69 (full 0):
 garbage-first heap   total 417792K, used 379129K [0x0000000700000000, 0x0000000800000000)
  region size 2048K, 66 young (135168K), 6 survivors (12288K)
 Metaspace       used 196722K, committed 199680K, reserved 1245184K
  class space    used 25171K, committed 26688K, reserved 1048576K
}
Event: 43.224 GC heap after
{Heap after GC invocations=70 (full 0):
 garbage-first heap   total 417792K, used 261232K [0x0000000700000000, 0x0000000800000000)
  region size 2048K, 5 young (10240K), 5 survivors (10240K)
 Metaspace       used 196722K, committed 199680K, reserved 1245184K
  class space    used 25171K, committed 26688K, reserved 1048576K
}
Event: 44.002 GC heap before
{Heap before GC invocations=70 (full 0):
 garbage-first heap   total 417792K, used 380016K [0x0000000700000000, 0x0000000800000000)
  region size 2048K, 64 young (131072K), 5 survivors (10240K)
 Metaspace       used 198563K, committed 201536K, reserved 1245184K
  class space    used 25440K, committed 26944K, reserved 1048576K
}
Event: 44.012 GC heap after
{Heap after GC invocations=71 (full 0):
 garbage-first heap   total 417792K, used 265030K [0x0000000700000000, 0x0000000800000000)
  region size 2048K, 7 young (14336K), 7 survivors (14336K)
 Metaspace       used 198563K, committed 201536K, reserved 1245184K
  class space    used 25440K, committed 26944K, reserved 1048576K
}
Event: 45.878 GC heap before
{Heap before GC invocations=72 (full 0):
 garbage-first heap   total 448512K, used 400198K [0x0000000700000000, 0x0000000800000000)
  region size 2048K, 61 young (124928K), 7 survivors (14336K)
 Metaspace       used 202003K, committed 204928K, reserved 1245184K
  class space    used 25945K, committed 27456K, reserved 1048576K
}
Event: 45.894 GC heap after
{Heap after GC invocations=73 (full 0):
 garbage-first heap   total 448512K, used 312795K [0x0000000700000000, 0x0000000800000000)
  region size 2048K, 8 young (16384K), 8 survivors (16384K)
 Metaspace       used 202003K, committed 204928K, reserved 1245184K
  class space    used 25945K, committed 27456K, reserved 1048576K
}
Event: 46.286 GC heap before
{Heap before GC invocations=73 (full 0):
 garbage-first heap   total 448512K, used 445915K [0x0000000700000000, 0x0000000800000000)
  region size 2048K, 44 young (90112K), 8 survivors (16384K)
 Metaspace       used 203414K, committed 206400K, reserved 1245184K
  class space    used 26140K, committed 27648K, reserved 1048576K
}
Event: 46.324 GC heap after
{Heap after GC invocations=74 (full 0):
 garbage-first heap   total 499712K, used 351967K [0x0000000700000000, 0x0000000800000000)
  region size 2048K, 7 young (14336K), 7 survivors (14336K)
 Metaspace       used 203414K, committed 206400K, reserved 1245184K
  class space    used 26140K, committed 27648K, reserved 1048576K
}
Event: 46.625 GC heap before
{Heap before GC invocations=74 (full 0):
 garbage-first heap   total 499712K, used 405215K [0x0000000700000000, 0x0000000800000000)
  region size 2048K, 34 young (69632K), 7 survivors (14336K)
 Metaspace       used 203415K, committed 206400K, reserved 1245184K
  class space    used 26140K, committed 27648K, reserved 1048576K
}
Event: 46.653 GC heap after
{Heap after GC invocations=75 (full 0):
 garbage-first heap   total 499712K, used 374784K [0x0000000700000000, 0x0000000800000000)
  region size 2048K, 7 young (14336K), 7 survivors (14336K)
 Metaspace       used 203415K, committed 206400K, reserved 1245184K
  class space    used 26140K, committed 27648K, reserved 1048576K
}
Event: 47.540 GC heap before
{Heap before GC invocations=76 (full 0):
 garbage-first heap   total 632832K, used 446464K [0x0000000700000000, 0x0000000800000000)
  region size 2048K, 41 young (83968K), 7 survivors (14336K)
 Metaspace       used 206135K, committed 209152K, reserved 1245184K
  class space    used 26707K, committed 28224K, reserved 1048576K
}
Event: 47.596 GC heap after
{Heap after GC invocations=77 (full 0):
 garbage-first heap   total 632832K, used 404745K [0x0000000700000000, 0x0000000800000000)
  region size 2048K, 6 young (12288K), 6 survivors (12288K)
 Metaspace       used 206135K, committed 209152K, reserved 1245184K
  class space    used 26707K, committed 28224K, reserved 1048576K
}
Event: 48.029 GC heap before
{Heap before GC invocations=77 (full 0):
 garbage-first heap   total 632832K, used 531721K [0x0000000700000000, 0x0000000800000000)
  region size 2048K, 68 young (139264K), 6 survivors (12288K)
 Metaspace       used 206264K, committed 209280K, reserved 1245184K
  class space    used 26715K, committed 28224K, reserved 1048576K
}
Event: 48.095 GC heap after
{Heap after GC invocations=78 (full 0):
 garbage-first heap   total 632832K, used 466564K [0x0000000700000000, 0x0000000800000000)
  region size 2048K, 9 young (18432K), 9 survivors (18432K)
 Metaspace       used 206264K, committed 209280K, reserved 1245184K
  class space    used 26715K, committed 28224K, reserved 1048576K
}
Event: 48.322 GC heap before
{Heap before GC invocations=78 (full 0):
 garbage-first heap   total 632832K, used 548484K [0x0000000700000000, 0x0000000800000000)
  region size 2048K, 50 young (102400K), 9 survivors (18432K)
 Metaspace       used 206280K, committed 209280K, reserved 1245184K
  class space    used 26715K, committed 28224K, reserved 1048576K
}

