# JRE version: Java(TM) SE Runtime Environment (17.0.10+11) (build 17.0.10+11-LTS-240)
# Java VM: Java HotSpot(TM) 64-Bit Server VM (17.0.10+11-LTS-240, mixed mode, sharing, tiered, compressed oops, compressed class ptrs, g1 gc, windows-amd64)
GC Precious Log:
 CPUs: 12 total, 12 available
 Memory: 7530M
 Large Page Support: Disabled
 NUMA Support: Disabled
 Compressed Oops: Enabled (Zero based)
 Heap Region Size: 2M
 Heap Min Capacity: 8M
 Heap Initial Capacity: 118M
 Heap Max Capacity: 4G
 Pre-touch: Disabled
 Parallel Workers: 10
 Concurrent Workers: 3
 Concurrent Refinement Workers: 10
 Periodic GC: Disabled
Heap:
 garbage-first heap   total 819200K, used 370373K [0x0000000700000000, 0x0000000800000000)
  region size 2048K, 16 young (32768K), 16 survivors (32768K)
 Metaspace       used 130516K, committed 131520K, reserved 1179648K
  class space    used 18211K, committed 18688K, reserved 1048576K
GC Heap History (20 events):
Event: 21.498 GC heap after
{Heap after GC invocations=44 (full 0):
 garbage-first heap   total 409600K, used 229376K [0x0000000700000000, 0x0000000800000000)
  region size 2048K, 8 young (16384K), 8 survivors (16384K)
 Metaspace       used 120093K, committed 121024K, reserved 1179648K
  class space    used 16740K, committed 17152K, reserved 1048576K
}
Event: 21.668 GC heap before
{Heap before GC invocations=44 (full 0):
 garbage-first heap   total 409600K, used 327680K [0x0000000700000000, 0x0000000800000000)
  region size 2048K, 56 young (114688K), 8 survivors (16384K)
 Metaspace       used 121787K, committed 122688K, reserved 1179648K
  class space    used 17066K, committed 17472K, reserved 1048576K
}
Event: 21.690 GC heap after
{Heap after GC invocations=45 (full 0):
 garbage-first heap   total 409600K, used 248138K [0x0000000700000000, 0x0000000800000000)
  region size 2048K, 7 young (14336K), 7 survivors (14336K)
 Metaspace       used 121787K, committed 122688K, reserved 1179648K
  class space    used 17066K, committed 17472K, reserved 1048576K
}
Event: 21.840 GC heap before
{Heap before GC invocations=45 (full 0):
 garbage-first heap   total 409600K, used 328010K [0x0000000700000000, 0x0000000800000000)
  region size 2048K, 47 young (96256K), 7 survivors (14336K)
 Metaspace       used 123629K, committed 124608K, reserved 1179648K
  class space    used 17400K, committed 17920K, reserved 1048576K
}
Event: 21.860 GC heap after
{Heap after GC invocations=46 (full 0):
 garbage-first heap   total 409600K, used 265644K [0x0000000700000000, 0x0000000800000000)
  region size 2048K, 6 young (12288K), 6 survivors (12288K)
 Metaspace       used 123629K, committed 124608K, reserved 1179648K
  class space    used 17400K, committed 17920K, reserved 1048576K
}
Event: 22.000 GC heap before
{Heap before GC invocations=46 (full 0):
 garbage-first heap   total 409600K, used 335276K [0x0000000700000000, 0x0000000800000000)
  region size 2048K, 40 young (81920K), 6 survivors (12288K)
 Metaspace       used 124584K, committed 125568K, reserved 1179648K
  class space    used 17603K, committed 18112K, reserved 1048576K
}
Event: 22.022 GC heap after
{Heap after GC invocations=47 (full 0):
 garbage-first heap   total 819200K, used 279237K [0x0000000700000000, 0x0000000800000000)
  region size 2048K, 5 young (10240K), 5 survivors (10240K)
 Metaspace       used 124584K, committed 125568K, reserved 1179648K
  class space    used 17603K, committed 18112K, reserved 1048576K
}
Event: 22.944 GC heap before
{Heap before GC invocations=47 (full 0):
 garbage-first heap   total 819200K, used 580293K [0x0000000700000000, 0x0000000800000000)
  region size 2048K, 152 young (311296K), 5 survivors (10240K)
 Metaspace       used 126978K, committed 128000K, reserved 1179648K
  class space    used 17903K, committed 18432K, reserved 1048576K
}
Event: 23.173 GC heap after
{Heap after GC invocations=48 (full 0):
 garbage-first heap   total 819200K, used 303498K [0x0000000700000000, 0x0000000800000000)
  region size 2048K, 17 young (34816K), 17 survivors (34816K)
 Metaspace       used 126978K, committed 128000K, reserved 1179648K
  class space    used 17903K, committed 18432K, reserved 1048576K
}
Event: 24.356 GC heap before
{Heap before GC invocations=48 (full 0):
 garbage-first heap   total 819200K, used 598410K [0x0000000700000000, 0x0000000800000000)
  region size 2048K, 161 young (329728K), 17 survivors (34816K)
 Metaspace       used 128700K, committed 129728K, reserved 1179648K
  class space    used 18031K, committed 18560K, reserved 1048576K
}
Event: 24.385 GC heap after
{Heap after GC invocations=49 (full 0):
 garbage-first heap   total 819200K, used 310531K [0x0000000700000000, 0x0000000800000000)
  region size 2048K, 5 young (10240K), 5 survivors (10240K)
 Metaspace       used 128700K, committed 129728K, reserved 1179648K
  class space    used 18031K, committed 18560K, reserved 1048576K
}
Event: 25.121 GC heap before
{Heap before GC invocations=49 (full 0):
 garbage-first heap   total 819200K, used 630019K [0x0000000700000000, 0x0000000800000000)
  region size 2048K, 161 young (329728K), 5 survivors (10240K)
 Metaspace       used 129569K, committed 130560K, reserved 1179648K
  class space    used 18159K, committed 18688K, reserved 1048576K
}
Event: 25.130 GC heap after
{Heap after GC invocations=50 (full 0):
 garbage-first heap   total 819200K, used 309780K [0x0000000700000000, 0x0000000800000000)
  region size 2048K, 4 young (8192K), 4 survivors (8192K)
 Metaspace       used 129569K, committed 130560K, reserved 1179648K
  class space    used 18159K, committed 18688K, reserved 1048576K
}
Event: 25.817 GC heap before
{Heap before GC invocations=50 (full 0):
 garbage-first heap   total 819200K, used 666132K [0x0000000700000000, 0x0000000800000000)
  region size 2048K, 179 young (366592K), 4 survivors (8192K)
 Metaspace       used 129979K, committed 131008K, reserved 1179648K
  class space    used 18192K, committed 18688K, reserved 1048576K
}
Event: 25.835 GC heap after
{Heap after GC invocations=51 (full 0):
 garbage-first heap   total 819200K, used 319398K [0x0000000700000000, 0x0000000800000000)
  region size 2048K, 9 young (18432K), 9 survivors (18432K)
 Metaspace       used 129979K, committed 131008K, reserved 1179648K
  class space    used 18192K, committed 18688K, reserved 1048576K
}
Event: 26.372 GC heap before
{Heap before GC invocations=51 (full 0):
 garbage-first heap   total 819200K, used 675750K [0x0000000700000000, 0x0000000800000000)
  region size 2048K, 183 young (374784K), 9 survivors (18432K)
 Metaspace       used 130216K, committed 131264K, reserved 1179648K
  class space    used 18200K, committed 18688K, reserved 1048576K
}
Event: 26.399 GC heap after
{Heap after GC invocations=52 (full 0):
 garbage-first heap   total 819200K, used 342967K [0x0000000700000000, 0x0000000800000000)
  region size 2048K, 20 young (40960K), 20 survivors (40960K)
 Metaspace       used 130216K, committed 131264K, reserved 1179648K
  class space    used 18200K, committed 18688K, reserved 1048576K
}
Event: 26.898 GC heap before
{Heap before GC invocations=52 (full 0):
 garbage-first heap   total 819200K, used 672695K [0x0000000700000000, 0x0000000800000000)
  region size 2048K, 182 young (372736K), 20 survivors (40960K)
 Metaspace       used 130358K, committed 131392K, reserved 1179648K
  class space    used 18204K, committed 18688K, reserved 1048576K
}
Event: 26.998 GC heap after
{Heap after GC invocations=53 (full 0):
 garbage-first heap   total 819200K, used 354937K [0x0000000700000000, 0x0000000800000000)
  region size 2048K, 8 young (16384K), 8 survivors (16384K)
 Metaspace       used 130358K, committed 131392K, reserved 1179648K
  class space    used 18204K, committed 18688K, reserved 1048576K
}
Event: 27.457 GC heap before
{Heap before GC invocations=53 (full 0):
 garbage-first heap   total 819200K, used 678521K [0x0000000700000000, 0x0000000800000000)
  region size 2048K, 166 young (339968K), 8 survivors (16384K)
 Metaspace       used 130516K, committed 131520K, reserved 1179648K
  class space    used 18211K, committed 18688K, reserved 1048576K
}

