# JRE version: OpenJDK Runtime Environment (21.0.5) (build 21.0.5+-12932927-b750.29)
# Java VM: OpenJDK 64-Bit Server VM (21.0.5+-12932927-b750.29, mixed mode, tiered, compressed oops, compressed class ptrs, g1 gc, windows-amd64)
GC Precious Log:
 CardTable entry size: 512
 Card Set container configuration: InlinePtr #cards 4 size 8 Array Of Cards #cards 16 size 48 Howl #buckets 8 coarsen threshold 3686 Howl Bitmap #cards 512 size 80 coarsen threshold 460 Card regions per heap region 1 cards per card region 4096
 CPUs: 12 total, 12 available
 Memory: 7530M
 Large Page Support: Disabled
 NUMA Support: Disabled
 Compressed Oops: Enabled (Zero based)
 Heap Region Size: 2M
 Heap Min Capacity: 8M
 Heap Initial Capacity: 118M
 Heap Max Capacity: 4G
 Pre-touch: Disabled
 Parallel Workers: 10
 Concurrent Workers: 3
 Concurrent Refinement Workers: 10
 Periodic GC: Disabled
Heap:
 garbage-first heap   total 681984K, used 558080K [0x0000000700000000, 0x0000000800000000)
  region size 2048K, 7 young (14336K), 7 survivors (14336K)
 Metaspace       used 242760K, committed 245760K, reserved 1310720K
  class space    used 30772K, committed 32320K, reserved 1048576K
GC Heap History (20 events):
Event: 81.746 GC heap after
{Heap after GC invocations=86 (full 0):
 garbage-first heap   total 530432K, used 289319K [0x0000000700000000, 0x0000000800000000)
  region size 2048K, 3 young (6144K), 3 survivors (6144K)
 Metaspace       used 234477K, committed 237440K, reserved 1310720K
  class space    used 29947K, committed 31488K, reserved 1048576K
}
Event: 82.976 GC heap before
{Heap before GC invocations=86 (full 0):
 garbage-first heap   total 530432K, used 494119K [0x0000000700000000, 0x0000000800000000)
  region size 2048K, 103 young (210944K), 3 survivors (6144K)
 Metaspace       used 234591K, committed 237568K, reserved 1310720K
  class space    used 29951K, committed 31488K, reserved 1048576K
}
Event: 82.981 GC heap after
{Heap after GC invocations=87 (full 0):
 garbage-first heap   total 530432K, used 290677K [0x0000000700000000, 0x0000000800000000)
  region size 2048K, 4 young (8192K), 4 survivors (8192K)
 Metaspace       used 234591K, committed 237568K, reserved 1310720K
  class space    used 29951K, committed 31488K, reserved 1048576K
}
Event: 84.274 GC heap before
{Heap before GC invocations=88 (full 0):
 garbage-first heap   total 530432K, used 491381K [0x0000000700000000, 0x0000000800000000)
  region size 2048K, 102 young (208896K), 4 survivors (8192K)
 Metaspace       used 234610K, committed 237568K, reserved 1310720K
  class space    used 29948K, committed 31488K, reserved 1048576K
}
Event: 84.279 GC heap after
{Heap after GC invocations=89 (full 0):
 garbage-first heap   total 530432K, used 291029K [0x0000000700000000, 0x0000000800000000)
  region size 2048K, 4 young (8192K), 4 survivors (8192K)
 Metaspace       used 234610K, committed 237568K, reserved 1310720K
  class space    used 29948K, committed 31488K, reserved 1048576K
}
Event: 85.304 GC heap before
{Heap before GC invocations=89 (full 0):
 garbage-first heap   total 530432K, used 491733K [0x0000000700000000, 0x0000000800000000)
  region size 2048K, 102 young (208896K), 4 survivors (8192K)
 Metaspace       used 234787K, committed 237760K, reserved 1310720K
  class space    used 29961K, committed 31488K, reserved 1048576K
}
Event: 85.316 GC heap after
{Heap after GC invocations=90 (full 0):
 garbage-first heap   total 530432K, used 285746K [0x0000000700000000, 0x0000000800000000)
  region size 2048K, 5 young (10240K), 5 survivors (10240K)
 Metaspace       used 234787K, committed 237760K, reserved 1310720K
  class space    used 29961K, committed 31488K, reserved 1048576K
}
Event: 85.560 GC heap before
{Heap before GC invocations=90 (full 0):
 garbage-first heap   total 530432K, used 308274K [0x0000000700000000, 0x0000000800000000)
  region size 2048K, 17 young (34816K), 5 survivors (10240K)
 Metaspace       used 234890K, committed 237824K, reserved 1310720K
  class space    used 29961K, committed 31488K, reserved 1048576K
}
Event: 85.567 GC heap after
{Heap after GC invocations=91 (full 0):
 garbage-first heap   total 530432K, used 288692K [0x0000000700000000, 0x0000000800000000)
  region size 2048K, 6 young (12288K), 6 survivors (12288K)
 Metaspace       used 234890K, committed 237824K, reserved 1310720K
  class space    used 29961K, committed 31488K, reserved 1048576K
}
Event: 86.175 GC heap before
{Heap before GC invocations=92 (full 0):
 garbage-first heap   total 530432K, used 526260K [0x0000000700000000, 0x0000000800000000)
  region size 2048K, 84 young (172032K), 6 survivors (12288K)
 Metaspace       used 235994K, committed 238976K, reserved 1310720K
  class space    used 30097K, committed 31616K, reserved 1048576K
}
Event: 86.191 GC heap after
{Heap after GC invocations=93 (full 0):
 garbage-first heap   total 569344K, used 367915K [0x0000000700000000, 0x0000000800000000)
  region size 2048K, 13 young (26624K), 13 survivors (26624K)
 Metaspace       used 235994K, committed 238976K, reserved 1310720K
  class space    used 30097K, committed 31616K, reserved 1048576K
}
Event: 86.570 GC heap before
{Heap before GC invocations=93 (full 0):
 garbage-first heap   total 569344K, used 523563K [0x0000000700000000, 0x0000000800000000)
  region size 2048K, 83 young (169984K), 13 survivors (26624K)
 Metaspace       used 240607K, committed 243648K, reserved 1310720K
  class space    used 30503K, committed 32064K, reserved 1048576K
}
Event: 86.601 GC heap after
{Heap after GC invocations=94 (full 0):
 garbage-first heap   total 581632K, used 388587K [0x0000000700000000, 0x0000000800000000)
  region size 2048K, 11 young (22528K), 11 survivors (22528K)
 Metaspace       used 240607K, committed 243648K, reserved 1310720K
  class space    used 30503K, committed 32064K, reserved 1048576K
}
Event: 86.790 GC heap before
{Heap before GC invocations=94 (full 0):
 garbage-first heap   total 581632K, used 460267K [0x0000000700000000, 0x0000000800000000)
  region size 2048K, 47 young (96256K), 11 survivors (22528K)
 Metaspace       used 240774K, committed 243776K, reserved 1310720K
  class space    used 30503K, committed 32064K, reserved 1048576K
}
Event: 86.814 GC heap after
{Heap after GC invocations=95 (full 0):
 garbage-first heap   total 581632K, used 401375K [0x0000000700000000, 0x0000000800000000)
  region size 2048K, 7 young (14336K), 7 survivors (14336K)
 Metaspace       used 240774K, committed 243776K, reserved 1310720K
  class space    used 30503K, committed 32064K, reserved 1048576K
}
Event: 87.452 GC heap before
{Heap before GC invocations=96 (full 0):
 garbage-first heap   total 679936K, used 522207K [0x0000000700000000, 0x0000000800000000)
  region size 2048K, 65 young (133120K), 7 survivors (14336K)
 Metaspace       used 242064K, committed 245056K, reserved 1310720K
  class space    used 30672K, committed 32192K, reserved 1048576K
}
Event: 87.504 GC heap after
{Heap after GC invocations=97 (full 0):
 garbage-first heap   total 679936K, used 451798K [0x0000000700000000, 0x0000000800000000)
  region size 2048K, 9 young (18432K), 9 survivors (18432K)
 Metaspace       used 242064K, committed 245056K, reserved 1310720K
  class space    used 30672K, committed 32192K, reserved 1048576K
}
Event: 87.822 GC heap before
{Heap before GC invocations=97 (full 0):
 garbage-first heap   total 679936K, used 584918K [0x0000000700000000, 0x0000000800000000)
  region size 2048K, 74 young (151552K), 9 survivors (18432K)
 Metaspace       used 242675K, committed 245696K, reserved 1310720K
  class space    used 30770K, committed 32320K, reserved 1048576K
}
Event: 87.895 GC heap after
{Heap after GC invocations=98 (full 0):
 garbage-first heap   total 681984K, used 514048K [0x0000000700000000, 0x0000000800000000)
  region size 2048K, 10 young (20480K), 10 survivors (20480K)
 Metaspace       used 242675K, committed 245696K, reserved 1310720K
  class space    used 30770K, committed 32320K, reserved 1048576K
}
Event: 88.305 GC heap before
{Heap before GC invocations=98 (full 0):
 garbage-first heap   total 681984K, used 600064K [0x0000000700000000, 0x0000000800000000)
  region size 2048K, 52 young (106496K), 10 survivors (20480K)
 Metaspace       used 242760K, committed 245760K, reserved 1310720K
  class space    used 30772K, committed 32320K, reserved 1048576K
}

