# JRE version: OpenJDK Runtime Environment (21.0.5) (build 21.0.5+-12932927-b750.29)
# Java VM: OpenJDK 64-Bit Server VM (21.0.5+-12932927-b750.29, mixed mode, tiered, compressed oops, compressed class ptrs, g1 gc, windows-amd64)
GC Precious Log:
 CardTable entry size: 512
 Card Set container configuration: InlinePtr #cards 4 size 8 Array Of Cards #cards 16 size 48 Howl #buckets 8 coarsen threshold 3686 Howl Bitmap #cards 512 size 80 coarsen threshold 460 Card regions per heap region 1 cards per card region 4096
 CPUs: 12 total, 12 available
 Memory: 7530M
 Large Page Support: Disabled
 NUMA Support: Disabled
 Compressed Oops: Enabled (Zero based)
 Heap Region Size: 2M
 Heap Min Capacity: 8M
 Heap Initial Capacity: 118M
 Heap Max Capacity: 4G
 Pre-touch: Disabled
 Parallel Workers: 10
 Concurrent Workers: 3
 Concurrent Refinement Workers: 10
 Periodic GC: Disabled
Heap:
 garbage-first heap   total 542720K, used 397996K [0x0000000700000000, 0x0000000800000000)
  region size 2048K, 9 young (18432K), 9 survivors (18432K)
 Metaspace       used 258214K, committed 261312K, reserved 1310720K
  class space    used 33176K, committed 34752K, reserved 1048576K
GC Heap History (20 events):
Event: 349.606 GC heap after
{Heap after GC invocations=81 (full 0):
 garbage-first heap   total 526336K, used 304466K [0x0000000700000000, 0x0000000800000000)
  region size 2048K, 9 young (18432K), 9 survivors (18432K)
 Metaspace       used 244384K, committed 247424K, reserved 1310720K
  class space    used 31084K, committed 32640K, reserved 1048576K
}
Event: 350.017 GC heap before
{Heap before GC invocations=81 (full 0):
 garbage-first heap   total 526336K, used 367954K [0x0000000700000000, 0x0000000800000000)
  region size 2048K, 42 young (86016K), 9 survivors (18432K)
 Metaspace       used 244748K, committed 247808K, reserved 1310720K
  class space    used 31132K, committed 32704K, reserved 1048576K
}
Event: 350.026 GC heap after
{Heap after GC invocations=82 (full 0):
 garbage-first heap   total 526336K, used 297718K [0x0000000700000000, 0x0000000800000000)
  region size 2048K, 2 young (4096K), 2 survivors (4096K)
 Metaspace       used 244748K, committed 247808K, reserved 1310720K
  class space    used 31132K, committed 32704K, reserved 1048576K
}
Event: 351.973 GC heap before
{Heap before GC invocations=83 (full 0):
 garbage-first heap   total 526336K, used 490230K [0x0000000700000000, 0x0000000800000000)
  region size 2048K, 96 young (196608K), 2 survivors (4096K)
 Metaspace       used 247258K, committed 250368K, reserved 1310720K
  class space    used 31431K, committed 33024K, reserved 1048576K
}
Event: 351.984 GC heap after
{Heap after GC invocations=84 (full 0):
 garbage-first heap   total 526336K, used 304495K [0x0000000700000000, 0x0000000800000000)
  region size 2048K, 5 young (10240K), 5 survivors (10240K)
 Metaspace       used 247258K, committed 250368K, reserved 1310720K
  class space    used 31431K, committed 33024K, reserved 1048576K
}
Event: 352.228 GC heap before
{Heap before GC invocations=84 (full 0):
 garbage-first heap   total 526336K, used 484719K [0x0000000700000000, 0x0000000800000000)
  region size 2048K, 95 young (194560K), 5 survivors (10240K)
 Metaspace       used 247331K, committed 250432K, reserved 1310720K
  class space    used 31438K, committed 33024K, reserved 1048576K
}
Event: 352.252 GC heap after
{Heap after GC invocations=85 (full 0):
 garbage-first heap   total 526336K, used 279437K [0x0000000700000000, 0x0000000800000000)
  region size 2048K, 6 young (12288K), 6 survivors (12288K)
 Metaspace       used 247331K, committed 250432K, reserved 1310720K
  class space    used 31438K, committed 33024K, reserved 1048576K
}
Event: 352.514 GC heap before
{Heap before GC invocations=85 (full 0):
 garbage-first heap   total 526336K, used 482189K [0x0000000700000000, 0x0000000800000000)
  region size 2048K, 106 young (217088K), 6 survivors (12288K)
 Metaspace       used 247337K, committed 250432K, reserved 1310720K
  class space    used 31439K, committed 33024K, reserved 1048576K
}
Event: 352.523 GC heap after
{Heap after GC invocations=86 (full 0):
 garbage-first heap   total 526336K, used 279079K [0x0000000700000000, 0x0000000800000000)
  region size 2048K, 6 young (12288K), 6 survivors (12288K)
 Metaspace       used 247337K, committed 250432K, reserved 1310720K
  class space    used 31439K, committed 33024K, reserved 1048576K
}
Event: 353.159 GC heap before
{Heap before GC invocations=87 (full 0):
 garbage-first heap   total 526336K, used 481831K [0x0000000700000000, 0x0000000800000000)
  region size 2048K, 106 young (217088K), 6 survivors (12288K)
 Metaspace       used 247344K, committed 250432K, reserved 1310720K
  class space    used 31440K, committed 33024K, reserved 1048576K
}
Event: 353.168 GC heap after
{Heap after GC invocations=88 (full 0):
 garbage-first heap   total 526336K, used 278528K [0x0000000700000000, 0x0000000800000000)
  region size 2048K, 5 young (10240K), 5 survivors (10240K)
 Metaspace       used 247344K, committed 250432K, reserved 1310720K
  class space    used 31440K, committed 33024K, reserved 1048576K
}
Event: 354.106 GC heap before
{Heap before GC invocations=88 (full 0):
 garbage-first heap   total 526336K, used 485376K [0x0000000700000000, 0x0000000800000000)
  region size 2048K, 107 young (219136K), 5 survivors (10240K)
 Metaspace       used 248296K, committed 251392K, reserved 1310720K
  class space    used 31581K, committed 33152K, reserved 1048576K
}
Event: 354.124 GC heap after
{Heap after GC invocations=89 (full 0):
 garbage-first heap   total 526336K, used 284009K [0x0000000700000000, 0x0000000800000000)
  region size 2048K, 12 young (24576K), 12 survivors (24576K)
 Metaspace       used 248296K, committed 251392K, reserved 1310720K
  class space    used 31581K, committed 33152K, reserved 1048576K
}
Event: 354.813 GC heap before
{Heap before GC invocations=89 (full 0):
 garbage-first heap   total 526336K, used 468329K [0x0000000700000000, 0x0000000800000000)
  region size 2048K, 103 young (210944K), 12 survivors (24576K)
 Metaspace       used 252491K, committed 255616K, reserved 1310720K
  class space    used 32194K, committed 33792K, reserved 1048576K
}
Event: 354.842 GC heap after
{Heap after GC invocations=90 (full 0):
 garbage-first heap   total 528384K, used 317328K [0x0000000700000000, 0x0000000800000000)
  region size 2048K, 13 young (26624K), 13 survivors (26624K)
 Metaspace       used 252491K, committed 255616K, reserved 1310720K
  class space    used 32194K, committed 33792K, reserved 1048576K
}
Event: 355.255 GC heap before
{Heap before GC invocations=91 (full 0):
 garbage-first heap   total 530432K, used 470928K [0x0000000700000000, 0x0000000800000000)
  region size 2048K, 89 young (182272K), 13 survivors (26624K)
 Metaspace       used 253735K, committed 256832K, reserved 1310720K
  class space    used 32375K, committed 33984K, reserved 1048576K
}
Event: 355.289 GC heap after
{Heap after GC invocations=92 (full 0):
 garbage-first heap   total 532480K, used 349001K [0x0000000700000000, 0x0000000800000000)
  region size 2048K, 12 young (24576K), 12 survivors (24576K)
 Metaspace       used 253735K, committed 256832K, reserved 1310720K
  class space    used 32375K, committed 33984K, reserved 1048576K
}
Event: 355.522 GC heap before
{Heap before GC invocations=92 (full 0):
 garbage-first heap   total 532480K, used 478025K [0x0000000700000000, 0x0000000800000000)
  region size 2048K, 76 young (155648K), 12 survivors (24576K)
 Metaspace       used 256427K, committed 259520K, reserved 1310720K
  class space    used 32848K, committed 34432K, reserved 1048576K
}
Event: 355.562 GC heap after
{Heap after GC invocations=93 (full 0):
 garbage-first heap   total 542720K, used 373839K [0x0000000700000000, 0x0000000800000000)
  region size 2048K, 10 young (20480K), 10 survivors (20480K)
 Metaspace       used 256427K, committed 259520K, reserved 1310720K
  class space    used 32848K, committed 34432K, reserved 1048576K
}
Event: 355.804 GC heap before
{Heap before GC invocations=93 (full 0):
 garbage-first heap   total 542720K, used 490575K [0x0000000700000000, 0x0000000800000000)
  region size 2048K, 68 young (139264K), 10 survivors (20480K)
 Metaspace       used 258214K, committed 261312K, reserved 1310720K
  class space    used 33176K, committed 34752K, reserved 1048576K
}

