# JRE version: OpenJDK Runtime Environment (21.0.5) (build 21.0.5+-12932927-b750.29)
# Java VM: OpenJDK 64-Bit Server VM (21.0.5+-12932927-b750.29, mixed mode, tiered, compressed oops, compressed class ptrs, g1 gc, windows-amd64)
GC Precious Log:
 CardTable entry size: 512
 Card Set container configuration: InlinePtr #cards 4 size 8 Array Of Cards #cards 16 size 48 Howl #buckets 8 coarsen threshold 3686 Howl Bitmap #cards 512 size 80 coarsen threshold 460 Card regions per heap region 1 cards per card region 4096
 CPUs: 12 total, 12 available
 Memory: 7530M
 Large Page Support: Disabled
 NUMA Support: Disabled
 Compressed Oops: Enabled (Zero based)
 Heap Region Size: 2M
 Heap Min Capacity: 8M
 Heap Initial Capacity: 118M
 Heap Max Capacity: 4G
 Pre-touch: Disabled
 Parallel Workers: 10
 Concurrent Workers: 3
 Concurrent Refinement Workers: 10
 Periodic GC: Disabled
Heap:
 garbage-first heap   total 759808K, used 362496K [0x0000000700000000, 0x0000000800000000)
  region size 2048K, 12 young (24576K), 3 survivors (6144K)
 Metaspace       used 122276K, committed 124544K, reserved 1179648K
  class space    used 16795K, committed 17920K, reserved 1048576K
GC Heap History (20 events):
Event: 16.232 GC heap before
{Heap before GC invocations=38 (full 0):
 garbage-first heap   total 192512K, used 172090K [0x0000000700000000, 0x0000000800000000)
  region size 2048K, 31 young (63488K), 2 survivors (4096K)
 Metaspace       used 109590K, committed 111680K, reserved 1179648K
  class space    used 15050K, committed 16128K, reserved 1048576K
}
Event: 16.239 GC heap after
{Heap after GC invocations=39 (full 0):
 garbage-first heap   total 231424K, used 115148K [0x0000000700000000, 0x0000000800000000)
  region size 2048K, 3 young (6144K), 3 survivors (6144K)
 Metaspace       used 109590K, committed 111680K, reserved 1179648K
  class space    used 15050K, committed 16128K, reserved 1048576K
}
Event: 16.829 GC heap before
{Heap before GC invocations=39 (full 0):
 garbage-first heap   total 231424K, used 205260K [0x0000000700000000, 0x0000000800000000)
  region size 2048K, 48 young (98304K), 3 survivors (6144K)
 Metaspace       used 110019K, committed 112192K, reserved 1179648K
  class space    used 15091K, committed 16192K, reserved 1048576K
}
Event: 16.837 GC heap after
{Heap after GC invocations=40 (full 0):
 garbage-first heap   total 231424K, used 119414K [0x0000000700000000, 0x0000000800000000)
  region size 2048K, 5 young (10240K), 5 survivors (10240K)
 Metaspace       used 110019K, committed 112192K, reserved 1179648K
  class space    used 15091K, committed 16192K, reserved 1048576K
}
Event: 17.742 GC heap before
{Heap before GC invocations=40 (full 0):
 garbage-first heap   total 231424K, used 203382K [0x0000000700000000, 0x0000000800000000)
  region size 2048K, 47 young (96256K), 5 survivors (10240K)
 Metaspace       used 113568K, committed 115712K, reserved 1179648K
  class space    used 15527K, committed 16640K, reserved 1048576K
}
Event: 17.752 GC heap after
{Heap after GC invocations=41 (full 0):
 garbage-first heap   total 231424K, used 125082K [0x0000000700000000, 0x0000000800000000)
  region size 2048K, 4 young (8192K), 4 survivors (8192K)
 Metaspace       used 113568K, committed 115712K, reserved 1179648K
  class space    used 15527K, committed 16640K, reserved 1048576K
}
Event: 18.092 GC heap before
{Heap before GC invocations=41 (full 0):
 garbage-first heap   total 231424K, used 204954K [0x0000000700000000, 0x0000000800000000)
  region size 2048K, 44 young (90112K), 4 survivors (8192K)
 Metaspace       used 114265K, committed 116480K, reserved 1179648K
  class space    used 15636K, committed 16768K, reserved 1048576K
}
Event: 18.102 GC heap after
{Heap after GC invocations=42 (full 0):
 garbage-first heap   total 231424K, used 127789K [0x0000000700000000, 0x0000000800000000)
  region size 2048K, 3 young (6144K), 3 survivors (6144K)
 Metaspace       used 114265K, committed 116480K, reserved 1179648K
  class space    used 15636K, committed 16768K, reserved 1048576K
}
Event: 18.980 GC heap before
{Heap before GC invocations=43 (full 0):
 garbage-first heap   total 235520K, used 232237K [0x0000000700000000, 0x0000000800000000)
  region size 2048K, 41 young (83968K), 3 survivors (6144K)
 Metaspace       used 116069K, committed 118272K, reserved 1179648K
  class space    used 15766K, committed 16896K, reserved 1048576K
}
Event: 18.992 GC heap after
{Heap after GC invocations=44 (full 0):
 garbage-first heap   total 258048K, used 172413K [0x0000000700000000, 0x0000000800000000)
  region size 2048K, 6 young (12288K), 6 survivors (12288K)
 Metaspace       used 116069K, committed 118272K, reserved 1179648K
  class space    used 15766K, committed 16896K, reserved 1048576K
}
Event: 19.614 GC heap before
{Heap before GC invocations=44 (full 0):
 garbage-first heap   total 266240K, used 262525K [0x0000000700000000, 0x0000000800000000)
  region size 2048K, 31 young (63488K), 6 survivors (12288K)
 Metaspace       used 119050K, committed 121280K, reserved 1179648K
  class space    used 16190K, committed 17344K, reserved 1048576K
}
Event: 19.634 GC heap after
{Heap after GC invocations=45 (full 0):
 garbage-first heap   total 356352K, used 204194K [0x0000000700000000, 0x0000000800000000)
  region size 2048K, 5 young (10240K), 5 survivors (10240K)
 Metaspace       used 119050K, committed 121280K, reserved 1179648K
  class space    used 16190K, committed 17344K, reserved 1048576K
}
Event: 20.506 GC heap before
{Heap before GC invocations=45 (full 0):
 garbage-first heap   total 356352K, used 349602K [0x0000000700000000, 0x0000000800000000)
  region size 2048K, 63 young (129024K), 5 survivors (10240K)
 Metaspace       used 119393K, committed 121600K, reserved 1179648K
  class space    used 16234K, committed 17344K, reserved 1048576K
}
Event: 20.558 GC heap after
{Heap after GC invocations=46 (full 0):
 garbage-first heap   total 403456K, used 259586K [0x0000000700000000, 0x0000000800000000)
  region size 2048K, 8 young (16384K), 8 survivors (16384K)
 Metaspace       used 119393K, committed 121600K, reserved 1179648K
  class space    used 16234K, committed 17344K, reserved 1048576K
}
Event: 21.267 GC heap before
{Heap before GC invocations=46 (full 0):
 garbage-first heap   total 403456K, used 345602K [0x0000000700000000, 0x0000000800000000)
  region size 2048K, 51 young (104448K), 8 survivors (16384K)
 Metaspace       used 122204K, committed 124480K, reserved 1179648K
  class space    used 16793K, committed 17920K, reserved 1048576K
}
Event: 21.316 GC heap after
{Heap after GC invocations=47 (full 0):
 garbage-first heap   total 403456K, used 296660K [0x0000000700000000, 0x0000000800000000)
  region size 2048K, 7 young (14336K), 7 survivors (14336K)
 Metaspace       used 122204K, committed 124480K, reserved 1179648K
  class space    used 16793K, committed 17920K, reserved 1048576K
}
Event: 21.502 GC heap before
{Heap before GC invocations=47 (full 0):
 garbage-first heap   total 403456K, used 351956K [0x0000000700000000, 0x0000000800000000)
  region size 2048K, 34 young (69632K), 7 survivors (14336K)
 Metaspace       used 122272K, committed 124544K, reserved 1179648K
  class space    used 16795K, committed 17920K, reserved 1048576K
}
Event: 21.548 GC heap after
{Heap after GC invocations=48 (full 0):
 garbage-first heap   total 403456K, used 326270K [0x0000000700000000, 0x0000000800000000)
  region size 2048K, 5 young (10240K), 5 survivors (10240K)
 Metaspace       used 122272K, committed 124544K, reserved 1179648K
  class space    used 16795K, committed 17920K, reserved 1048576K
}
Event: 21.864 GC heap before
{Heap before GC invocations=48 (full 0):
 garbage-first heap   total 546816K, used 361086K [0x0000000700000000, 0x0000000800000000)
  region size 2048K, 22 young (45056K), 5 survivors (10240K)
 Metaspace       used 122276K, committed 124544K, reserved 1179648K
  class space    used 16795K, committed 17920K, reserved 1048576K
}
Event: 21.893 GC heap after
{Heap after GC invocations=49 (full 0):
 garbage-first heap   total 759808K, used 346112K [0x0000000700000000, 0x0000000800000000)
  region size 2048K, 3 young (6144K), 3 survivors (6144K)
 Metaspace       used 122276K, committed 124544K, reserved 1179648K
  class space    used 16795K, committed 17920K, reserved 1048576K
}

