# JRE version: OpenJDK Runtime Environment (21.0.5) (build 21.0.5+-12932927-b750.29)
# Java VM: OpenJDK 64-Bit Server VM (21.0.5+-12932927-b750.29, mixed mode, tiered, compressed oops, compressed class ptrs, g1 gc, windows-amd64)
GC Precious Log:
 CardTable entry size: 512
 Card Set container configuration: InlinePtr #cards 5 size 8 Array Of Cards #cards 12 size 40 Howl #buckets 4 coarsen threshold 1843 Howl Bitmap #cards 512 size 80 coarsen threshold 460 Card regions per heap region 1 cards per card region 2048
 CPUs: 12 total, 12 available
 Memory: 7530M
 Large Page Support: Disabled
 NUMA Support: Disabled
 Compressed Oops: Enabled (32-bit)
 Heap Region Size: 1M
 Heap Min Capacity: 8M
 Heap Initial Capacity: 118M
 Heap Max Capacity: 2G
 Pre-touch: Disabled
 Parallel Workers: 10
 Concurrent Workers: 3
 Concurrent Refinement Workers: 10
 Periodic GC: Disabled
Heap:
 garbage-first heap   total 357376K, used 251797K [0x0000000080000000, 0x0000000100000000)
  region size 1024K, 11 young (11264K), 11 survivors (11264K)
 Metaspace       used 138740K, committed 140928K, reserved 1179648K
  class space    used 19090K, committed 20224K, reserved 1048576K
GC Heap History (20 events):
Event: 23.783 GC heap after
{Heap after GC invocations=46 (full 0):
 garbage-first heap   total 209920K, used 136574K [0x0000000080000000, 0x0000000100000000)
  region size 1024K, 9 young (9216K), 9 survivors (9216K)
 Metaspace       used 122705K, committed 124864K, reserved 1179648K
  class space    used 16487K, committed 17536K, reserved 1048576K
}
Event: 23.903 GC heap before
{Heap before GC invocations=46 (full 0):
 garbage-first heap   total 229376K, used 187774K [0x0000000080000000, 0x0000000100000000)
  region size 1024K, 60 young (61440K), 9 survivors (9216K)
 Metaspace       used 123215K, committed 125376K, reserved 1179648K
  class space    used 16543K, committed 17600K, reserved 1048576K
}
Event: 23.912 GC heap after
{Heap after GC invocations=47 (full 0):
 garbage-first heap   total 229376K, used 147337K [0x0000000080000000, 0x0000000100000000)
  region size 1024K, 8 young (8192K), 8 survivors (8192K)
 Metaspace       used 123215K, committed 125376K, reserved 1179648K
  class space    used 16543K, committed 17600K, reserved 1048576K
}
Event: 24.346 GC heap before
{Heap before GC invocations=48 (full 0):
 garbage-first heap   total 229376K, used 206729K [0x0000000080000000, 0x0000000100000000)
  region size 1024K, 67 young (68608K), 8 survivors (8192K)
 Metaspace       used 125831K, committed 127936K, reserved 1179648K
  class space    used 16990K, committed 18048K, reserved 1048576K
}
Event: 24.352 GC heap after
{Heap after GC invocations=49 (full 0):
 garbage-first heap   total 229376K, used 158343K [0x0000000080000000, 0x0000000100000000)
  region size 1024K, 9 young (9216K), 9 survivors (9216K)
 Metaspace       used 125831K, committed 127936K, reserved 1179648K
  class space    used 16990K, committed 18048K, reserved 1048576K
}
Event: 24.578 GC heap before
{Heap before GC invocations=49 (full 0):
 garbage-first heap   total 229376K, used 206471K [0x0000000080000000, 0x0000000100000000)
  region size 1024K, 57 young (58368K), 9 survivors (9216K)
 Metaspace       used 128009K, committed 130112K, reserved 1179648K
  class space    used 17308K, committed 18368K, reserved 1048576K
}
Event: 24.589 GC heap after
{Heap after GC invocations=50 (full 0):
 garbage-first heap   total 229376K, used 165668K [0x0000000080000000, 0x0000000100000000)
  region size 1024K, 8 young (8192K), 8 survivors (8192K)
 Metaspace       used 128009K, committed 130112K, reserved 1179648K
  class space    used 17308K, committed 18368K, reserved 1048576K
}
Event: 24.711 GC heap before
{Heap before GC invocations=50 (full 0):
 garbage-first heap   total 229376K, used 207652K [0x0000000080000000, 0x0000000100000000)
  region size 1024K, 50 young (51200K), 8 survivors (8192K)
 Metaspace       used 128842K, committed 131008K, reserved 1179648K
  class space    used 17477K, committed 18560K, reserved 1048576K
}
Event: 24.723 GC heap after
{Heap after GC invocations=51 (full 0):
 garbage-first heap   total 293888K, used 173467K [0x0000000080000000, 0x0000000100000000)
  region size 1024K, 7 young (7168K), 7 survivors (7168K)
 Metaspace       used 128842K, committed 131008K, reserved 1179648K
  class space    used 17477K, committed 18560K, reserved 1048576K
}
Event: 24.977 GC heap before
{Heap before GC invocations=52 (full 0):
 garbage-first heap   total 293888K, used 257435K [0x0000000080000000, 0x0000000100000000)
  region size 1024K, 90 young (92160K), 7 survivors (7168K)
 Metaspace       used 131028K, committed 133184K, reserved 1179648K
  class space    used 17813K, committed 18880K, reserved 1048576K
}
Event: 24.995 GC heap after
{Heap after GC invocations=53 (full 0):
 garbage-first heap   total 293888K, used 187347K [0x0000000080000000, 0x0000000100000000)
  region size 1024K, 12 young (12288K), 12 survivors (12288K)
 Metaspace       used 131028K, committed 133184K, reserved 1179648K
  class space    used 17813K, committed 18880K, reserved 1048576K
}
Event: 25.177 GC heap before
{Heap before GC invocations=53 (full 0):
 garbage-first heap   total 293888K, used 260051K [0x0000000080000000, 0x0000000100000000)
  region size 1024K, 84 young (86016K), 12 survivors (12288K)
 Metaspace       used 132667K, committed 134848K, reserved 1179648K
  class space    used 18066K, committed 19136K, reserved 1048576K
}
Event: 25.197 GC heap after
{Heap after GC invocations=54 (full 0):
 garbage-first heap   total 293888K, used 200140K [0x0000000080000000, 0x0000000100000000)
  region size 1024K, 11 young (11264K), 11 survivors (11264K)
 Metaspace       used 132667K, committed 134848K, reserved 1179648K
  class space    used 18066K, committed 19136K, reserved 1048576K
}
Event: 25.322 GC heap before
{Heap before GC invocations=54 (full 0):
 garbage-first heap   total 293888K, used 263628K [0x0000000080000000, 0x0000000100000000)
  region size 1024K, 74 young (75776K), 11 survivors (11264K)
 Metaspace       used 133834K, committed 136000K, reserved 1179648K
  class space    used 18279K, committed 19328K, reserved 1048576K
}
Event: 25.340 GC heap after
{Heap after GC invocations=55 (full 0):
 garbage-first heap   total 293888K, used 214016K [0x0000000080000000, 0x0000000100000000)
  region size 1024K, 10 young (10240K), 10 survivors (10240K)
 Metaspace       used 133834K, committed 136000K, reserved 1179648K
  class space    used 18279K, committed 19328K, reserved 1048576K
}
Event: 25.517 GC heap before
{Heap before GC invocations=55 (full 0):
 garbage-first heap   total 357376K, used 267263K [0x0000000080000000, 0x0000000100000000)
  region size 1024K, 63 young (64512K), 10 survivors (10240K)
 Metaspace       used 135346K, committed 137472K, reserved 1179648K
  class space    used 18546K, committed 19584K, reserved 1048576K
}
Event: 25.534 GC heap after
{Heap after GC invocations=56 (full 0):
 garbage-first heap   total 357376K, used 226105K [0x0000000080000000, 0x0000000100000000)
  region size 1024K, 8 young (8192K), 8 survivors (8192K)
 Metaspace       used 135346K, committed 137472K, reserved 1179648K
  class space    used 18546K, committed 19584K, reserved 1048576K
}
Event: 25.907 GC heap before
{Heap before GC invocations=57 (full 0):
 garbage-first heap   total 357376K, used 313145K [0x0000000080000000, 0x0000000100000000)
  region size 1024K, 94 young (96256K), 8 survivors (8192K)
 Metaspace       used 137506K, committed 139776K, reserved 1179648K
  class space    used 18896K, committed 20032K, reserved 1048576K
}
Event: 25.929 GC heap after
{Heap after GC invocations=58 (full 0):
 garbage-first heap   total 357376K, used 242437K [0x0000000080000000, 0x0000000100000000)
  region size 1024K, 12 young (12288K), 12 survivors (12288K)
 Metaspace       used 137506K, committed 139776K, reserved 1179648K
  class space    used 18896K, committed 20032K, reserved 1048576K
}
Event: 26.211 GC heap before
{Heap before GC invocations=58 (full 0):
 garbage-first heap   total 357376K, used 319237K [0x0000000080000000, 0x0000000100000000)
  region size 1024K, 88 young (90112K), 12 survivors (12288K)
 Metaspace       used 138740K, committed 140928K, reserved 1179648K
  class space    used 19090K, committed 20224K, reserved 1048576K
}

