# JRE version: OpenJDK Runtime Environment (21.0.5) (build 21.0.5+-12932927-b750.29)
# Java VM: OpenJDK 64-Bit Server VM (21.0.5+-12932927-b750.29, mixed mode, tiered, compressed oops, compressed class ptrs, g1 gc, windows-amd64)
GC Precious Log:
 CardTable entry size: 512
 Card Set container configuration: InlinePtr #cards 5 size 8 Array Of Cards #cards 12 size 40 Howl #buckets 4 coarsen threshold 1843 Howl Bitmap #cards 512 size 80 coarsen threshold 460 Card regions per heap region 1 cards per card region 2048
 CPUs: 12 total, 12 available
 Memory: 7530M
 Large Page Support: Disabled
 NUMA Support: Disabled
 Compressed Oops: Enabled (32-bit)
 Heap Region Size: 1M
 Heap Min Capacity: 8M
 Heap Initial Capacity: 118M
 Heap Max Capacity: 2G
 Pre-touch: Disabled
 Parallel Workers: 10
 Concurrent Workers: 3
 Concurrent Refinement Workers: 10
 Periodic GC: Disabled
Heap:
 garbage-first heap   total 314368K, used 227840K [0x0000000080000000, 0x0000000100000000)
  region size 1024K, 10 young (10240K), 10 survivors (10240K)
 Metaspace       used 134891K, committed 137152K, reserved 1179648K
  class space    used 18261K, committed 19392K, reserved 1048576K
GC Heap History (20 events):
Event: 18.017 GC heap after
{Heap after GC invocations=43 (full 0):
 garbage-first heap   total 229376K, used 146517K [0x0000000080000000, 0x0000000100000000)
  region size 1024K, 5 young (5120K), 5 survivors (5120K)
 Metaspace       used 119216K, committed 121408K, reserved 1179648K
  class space    used 15910K, committed 17024K, reserved 1048576K
}
Event: 18.393 GC heap before
{Heap before GC invocations=43 (full 0):
 garbage-first heap   total 229376K, used 206933K [0x0000000080000000, 0x0000000100000000)
  region size 1024K, 65 young (66560K), 5 survivors (5120K)
 Metaspace       used 120237K, committed 122432K, reserved 1179648K
  class space    used 16034K, committed 17152K, reserved 1048576K
}
Event: 18.398 GC heap after
{Heap after GC invocations=44 (full 0):
 garbage-first heap   total 229376K, used 146650K [0x0000000080000000, 0x0000000100000000)
  region size 1024K, 5 young (5120K), 5 survivors (5120K)
 Metaspace       used 120237K, committed 122432K, reserved 1179648K
  class space    used 16034K, committed 17152K, reserved 1048576K
}
Event: 19.107 GC heap before
{Heap before GC invocations=45 (full 0):
 garbage-first heap   total 239616K, used 205018K [0x0000000080000000, 0x0000000100000000)
  region size 1024K, 67 young (68608K), 5 survivors (5120K)
 Metaspace       used 122072K, committed 124288K, reserved 1179648K
  class space    used 16237K, committed 17408K, reserved 1048576K
}
Event: 19.114 GC heap after
{Heap after GC invocations=46 (full 0):
 garbage-first heap   total 239616K, used 145833K [0x0000000080000000, 0x0000000100000000)
  region size 1024K, 8 young (8192K), 8 survivors (8192K)
 Metaspace       used 122072K, committed 124288K, reserved 1179648K
  class space    used 16237K, committed 17408K, reserved 1048576K
}
Event: 19.403 GC heap before
{Heap before GC invocations=46 (full 0):
 garbage-first heap   total 239616K, used 216489K [0x0000000080000000, 0x0000000100000000)
  region size 1024K, 78 young (79872K), 8 survivors (8192K)
 Metaspace       used 122379K, committed 124608K, reserved 1179648K
  class space    used 16278K, committed 17408K, reserved 1048576K
}
Event: 19.412 GC heap after
{Heap after GC invocations=47 (full 0):
 garbage-first heap   total 239616K, used 132550K [0x0000000080000000, 0x0000000100000000)
  region size 1024K, 6 young (6144K), 6 survivors (6144K)
 Metaspace       used 122379K, committed 124608K, reserved 1179648K
  class space    used 16278K, committed 17408K, reserved 1048576K
}
Event: 19.669 GC heap before
{Heap before GC invocations=47 (full 0):
 garbage-first heap   total 239616K, used 217542K [0x0000000080000000, 0x0000000100000000)
  region size 1024K, 90 young (92160K), 6 survivors (6144K)
 Metaspace       used 123692K, committed 125952K, reserved 1179648K
  class space    used 16487K, committed 17664K, reserved 1048576K
}
Event: 19.677 GC heap after
{Heap after GC invocations=48 (full 0):
 garbage-first heap   total 287744K, used 142655K [0x0000000080000000, 0x0000000100000000)
  region size 1024K, 12 young (12288K), 12 survivors (12288K)
 Metaspace       used 123692K, committed 125952K, reserved 1179648K
  class space    used 16487K, committed 17664K, reserved 1048576K
}
Event: 20.065 GC heap before
{Heap before GC invocations=49 (full 0):
 garbage-first heap   total 287744K, used 255295K [0x0000000080000000, 0x0000000100000000)
  region size 1024K, 123 young (125952K), 12 survivors (12288K)
 Metaspace       used 126886K, committed 129088K, reserved 1179648K
  class space    used 17035K, committed 18176K, reserved 1048576K
}
Event: 20.074 GC heap after
{Heap after GC invocations=50 (full 0):
 garbage-first heap   total 289792K, used 163767K [0x0000000080000000, 0x0000000100000000)
  region size 1024K, 16 young (16384K), 16 survivors (16384K)
 Metaspace       used 126886K, committed 129088K, reserved 1179648K
  class space    used 17035K, committed 18176K, reserved 1048576K
}
Event: 20.314 GC heap before
{Heap before GC invocations=50 (full 0):
 garbage-first heap   total 289792K, used 251831K [0x0000000080000000, 0x0000000100000000)
  region size 1024K, 103 young (105472K), 16 survivors (16384K)
 Metaspace       used 129591K, committed 131840K, reserved 1179648K
  class space    used 17446K, committed 18560K, reserved 1048576K
}
Event: 20.330 GC heap after
{Heap after GC invocations=51 (full 0):
 garbage-first heap   total 289792K, used 175104K [0x0000000080000000, 0x0000000100000000)
  region size 1024K, 13 young (13312K), 13 survivors (13312K)
 Metaspace       used 129591K, committed 131840K, reserved 1179648K
  class space    used 17446K, committed 18560K, reserved 1048576K
}
Event: 20.469 GC heap before
{Heap before GC invocations=51 (full 0):
 garbage-first heap   total 289792K, used 254976K [0x0000000080000000, 0x0000000100000000)
  region size 1024K, 92 young (94208K), 13 survivors (13312K)
 Metaspace       used 131486K, committed 133760K, reserved 1179648K
  class space    used 17728K, committed 18880K, reserved 1048576K
}
Event: 20.486 GC heap after
{Heap after GC invocations=52 (full 0):
 garbage-first heap   total 289792K, used 188223K [0x0000000080000000, 0x0000000100000000)
  region size 1024K, 12 young (12288K), 12 survivors (12288K)
 Metaspace       used 131486K, committed 133760K, reserved 1179648K
  class space    used 17728K, committed 18880K, reserved 1048576K
}
Event: 20.693 GC heap before
{Heap before GC invocations=53 (full 0):
 garbage-first heap   total 314368K, used 258879K [0x0000000080000000, 0x0000000100000000)
  region size 1024K, 82 young (83968K), 12 survivors (12288K)
 Metaspace       used 133016K, committed 135232K, reserved 1179648K
  class space    used 17950K, committed 19072K, reserved 1048576K
}
Event: 20.710 GC heap after
{Heap after GC invocations=54 (full 0):
 garbage-first heap   total 314368K, used 201252K [0x0000000080000000, 0x0000000100000000)
  region size 1024K, 11 young (11264K), 11 survivors (11264K)
 Metaspace       used 133016K, committed 135232K, reserved 1179648K
  class space    used 17950K, committed 19072K, reserved 1048576K
}
Event: 20.831 GC heap before
{Heap before GC invocations=54 (full 0):
 garbage-first heap   total 314368K, used 280100K [0x0000000080000000, 0x0000000100000000)
  region size 1024K, 89 young (91136K), 11 survivors (11264K)
 Metaspace       used 133996K, committed 136256K, reserved 1179648K
  class space    used 18108K, committed 19264K, reserved 1048576K
}
Event: 20.851 GC heap after
{Heap after GC invocations=55 (full 0):
 garbage-first heap   total 314368K, used 214527K [0x0000000080000000, 0x0000000100000000)
  region size 1024K, 12 young (12288K), 12 survivors (12288K)
 Metaspace       used 133996K, committed 136256K, reserved 1179648K
  class space    used 18108K, committed 19264K, reserved 1048576K
}
Event: 20.952 GC heap before
{Heap before GC invocations=55 (full 0):
 garbage-first heap   total 314368K, used 282111K [0x0000000080000000, 0x0000000100000000)
  region size 1024K, 79 young (80896K), 12 survivors (12288K)
 Metaspace       used 134891K, committed 137152K, reserved 1179648K
  class space    used 18261K, committed 19392K, reserved 1048576K
}

