# JRE version: OpenJDK Runtime Environment (21.0.5) (build 21.0.5+-12932927-b750.29)
# Java VM: OpenJDK 64-Bit Server VM (21.0.5+-12932927-b750.29, mixed mode, tiered, compressed oops, compressed class ptrs, g1 gc, windows-amd64)
GC Precious Log:
 CardTable entry size: 512
 Card Set container configuration: InlinePtr #cards 5 size 8 Array Of Cards #cards 12 size 40 Howl #buckets 4 coarsen threshold 1843 Howl Bitmap #cards 512 size 80 coarsen threshold 460 Card regions per heap region 1 cards per card region 2048
 CPUs: 12 total, 12 available
 Memory: 7530M
 Large Page Support: Disabled
 NUMA Support: Disabled
 Compressed Oops: Enabled (32-bit)
 Heap Region Size: 1M
 Heap Min Capacity: 8M
 Heap Initial Capacity: 118M
 Heap Max Capacity: 2G
 Pre-touch: Disabled
 Parallel Workers: 10
 Concurrent Workers: 3
 Concurrent Refinement Workers: 10
 Periodic GC: Disabled
Heap:
 garbage-first heap   total 369664K, used 291506K [0x0000000080000000, 0x0000000100000000)
  region size 1024K, 9 young (9216K), 9 survivors (9216K)
 Metaspace       used 137624K, committed 139840K, reserved 1179648K
  class space    used 18665K, committed 19776K, reserved 1048576K
GC Heap History (20 events):
Event: 28.309 GC heap after
{Heap after GC invocations=50 (full 0):
 garbage-first heap   total 265216K, used 150872K [0x0000000080000000, 0x0000000100000000)
  region size 1024K, 4 young (4096K), 4 survivors (4096K)
 Metaspace       used 121304K, committed 123584K, reserved 1179648K
  class space    used 16136K, committed 17280K, reserved 1048576K
}
Event: 29.150 GC heap before
{Heap before GC invocations=51 (full 0):
 garbage-first heap   total 265216K, used 223576K [0x0000000080000000, 0x0000000100000000)
  region size 1024K, 76 young (77824K), 4 survivors (4096K)
 Metaspace       used 123430K, committed 125632K, reserved 1179648K
  class space    used 16381K, committed 17472K, reserved 1048576K
}
Event: 29.158 GC heap after
{Heap after GC invocations=52 (full 0):
 garbage-first heap   total 265216K, used 155406K [0x0000000080000000, 0x0000000100000000)
  region size 1024K, 8 young (8192K), 8 survivors (8192K)
 Metaspace       used 123430K, committed 125632K, reserved 1179648K
  class space    used 16381K, committed 17472K, reserved 1048576K
}
Event: 29.436 GC heap before
{Heap before GC invocations=52 (full 0):
 garbage-first heap   total 265216K, used 228110K [0x0000000080000000, 0x0000000100000000)
  region size 1024K, 80 young (81920K), 8 survivors (8192K)
 Metaspace       used 123589K, committed 125824K, reserved 1179648K
  class space    used 16401K, committed 17536K, reserved 1048576K
}
Event: 29.445 GC heap after
{Heap after GC invocations=53 (full 0):
 garbage-first heap   total 265216K, used 142676K [0x0000000080000000, 0x0000000100000000)
  region size 1024K, 6 young (6144K), 6 survivors (6144K)
 Metaspace       used 123589K, committed 125824K, reserved 1179648K
  class space    used 16401K, committed 17536K, reserved 1048576K
}
Event: 29.773 GC heap before
{Heap before GC invocations=53 (full 0):
 garbage-first heap   total 265216K, used 228692K [0x0000000080000000, 0x0000000100000000)
  region size 1024K, 91 young (93184K), 6 survivors (6144K)
 Metaspace       used 124928K, committed 127168K, reserved 1179648K
  class space    used 16611K, committed 17728K, reserved 1048576K
}
Event: 29.780 GC heap after
{Heap after GC invocations=54 (full 0):
 garbage-first heap   total 369664K, used 153876K [0x0000000080000000, 0x0000000100000000)
  region size 1024K, 12 young (12288K), 12 survivors (12288K)
 Metaspace       used 124928K, committed 127168K, reserved 1179648K
  class space    used 16611K, committed 17728K, reserved 1048576K
}
Event: 30.505 GC heap before
{Heap before GC invocations=55 (full 0):
 garbage-first heap   total 369664K, used 307476K [0x0000000080000000, 0x0000000100000000)
  region size 1024K, 164 young (167936K), 12 survivors (12288K)
 Metaspace       used 130019K, committed 132288K, reserved 1179648K
  class space    used 17417K, committed 18560K, reserved 1048576K
}
Event: 30.520 GC heap after
{Heap after GC invocations=56 (full 0):
 garbage-first heap   total 369664K, used 180678K [0x0000000080000000, 0x0000000100000000)
  region size 1024K, 21 young (21504K), 21 survivors (21504K)
 Metaspace       used 130019K, committed 132288K, reserved 1179648K
  class space    used 17417K, committed 18560K, reserved 1048576K
}
Event: 30.712 GC heap before
{Heap before GC invocations=56 (full 0):
 garbage-first heap   total 369664K, used 299462K [0x0000000080000000, 0x0000000100000000)
  region size 1024K, 138 young (141312K), 21 survivors (21504K)
 Metaspace       used 131348K, committed 133632K, reserved 1179648K
  class space    used 17675K, committed 18816K, reserved 1048576K
}
Event: 30.735 GC heap after
{Heap after GC invocations=57 (full 0):
 garbage-first heap   total 369664K, used 196126K [0x0000000080000000, 0x0000000100000000)
  region size 1024K, 18 young (18432K), 18 survivors (18432K)
 Metaspace       used 131348K, committed 133632K, reserved 1179648K
  class space    used 17675K, committed 18816K, reserved 1048576K
}
Event: 31.113 GC heap before
{Heap before GC invocations=57 (full 0):
 garbage-first heap   total 369664K, used 307742K [0x0000000080000000, 0x0000000100000000)
  region size 1024K, 128 young (131072K), 18 survivors (18432K)
 Metaspace       used 133598K, committed 135872K, reserved 1179648K
  class space    used 17995K, committed 19136K, reserved 1048576K
}
Event: 31.153 GC heap after
{Heap after GC invocations=58 (full 0):
 garbage-first heap   total 369664K, used 217088K [0x0000000080000000, 0x0000000100000000)
  region size 1024K, 16 young (16384K), 16 survivors (16384K)
 Metaspace       used 133598K, committed 135872K, reserved 1179648K
  class space    used 17995K, committed 19136K, reserved 1048576K
}
Event: 31.449 GC heap before
{Heap before GC invocations=59 (full 0):
 garbage-first heap   total 369664K, used 318464K [0x0000000080000000, 0x0000000100000000)
  region size 1024K, 116 young (118784K), 16 survivors (16384K)
 Metaspace       used 134647K, committed 136896K, reserved 1179648K
  class space    used 18145K, committed 19264K, reserved 1048576K
}
Event: 31.478 GC heap after
{Heap after GC invocations=60 (full 0):
 garbage-first heap   total 369664K, used 243547K [0x0000000080000000, 0x0000000100000000)
  region size 1024K, 15 young (15360K), 15 survivors (15360K)
 Metaspace       used 134647K, committed 136896K, reserved 1179648K
  class space    used 18145K, committed 19264K, reserved 1048576K
}
Event: 31.610 GC heap before
{Heap before GC invocations=60 (full 0):
 garbage-first heap   total 369664K, used 325467K [0x0000000080000000, 0x0000000100000000)
  region size 1024K, 96 young (98304K), 15 survivors (15360K)
 Metaspace       used 135568K, committed 137856K, reserved 1179648K
  class space    used 18308K, committed 19456K, reserved 1048576K
}
Event: 31.637 GC heap after
{Heap after GC invocations=61 (full 0):
 garbage-first heap   total 369664K, used 261086K [0x0000000080000000, 0x0000000100000000)
  region size 1024K, 12 young (12288K), 12 survivors (12288K)
 Metaspace       used 135568K, committed 137856K, reserved 1179648K
  class space    used 18308K, committed 19456K, reserved 1048576K
}
Event: 31.769 GC heap before
{Heap before GC invocations=61 (full 0):
 garbage-first heap   total 369664K, used 330718K [0x0000000080000000, 0x0000000100000000)
  region size 1024K, 81 young (82944K), 12 survivors (12288K)
 Metaspace       used 136877K, committed 139072K, reserved 1179648K
  class space    used 18551K, committed 19648K, reserved 1048576K
}
Event: 31.787 GC heap after
{Heap after GC invocations=62 (full 0):
 garbage-first heap   total 369664K, used 278016K [0x0000000080000000, 0x0000000100000000)
  region size 1024K, 11 young (11264K), 11 survivors (11264K)
 Metaspace       used 136877K, committed 139072K, reserved 1179648K
  class space    used 18551K, committed 19648K, reserved 1048576K
}
Event: 31.964 GC heap before
{Heap before GC invocations=62 (full 0):
 garbage-first heap   total 369664K, used 336384K [0x0000000080000000, 0x0000000100000000)
  region size 1024K, 69 young (70656K), 11 survivors (11264K)
 Metaspace       used 137624K, committed 139840K, reserved 1179648K
  class space    used 18665K, committed 19776K, reserved 1048576K
}

